<?xml version="1.0" encoding="UTF-8"?>
<robot generator="Robot 3.2.1 (Python 3.7.7 on linux)" generated="20200622 06:17:16.846" rpa="false">
<suite id="s1" name="Mytest" source="/home/mohammedathera/PycharmProjects/untitled/mytest.robot">
<test id="s1-t1" name="Test1">
<kw name="Log" library="BuiltIn">
<doc>Logs the given message with the given level.</doc>
<arguments>
<arg>Testcase 1 is started</arg>
</arguments>
<msg timestamp="20200622 06:17:16.943" level="INFO">Testcase 1 is started</msg>
<status status="PASS" starttime="20200622 06:17:16.943" endtime="20200622 06:17:16.943"></status>
</kw>
<kw name="Open Application" library="AppiumLibrary">
<doc>Opens a new application to given Appium server.
Capabilities of appium server, Android and iOS,
Please check https://github.com/appium/appium/blob/master/docs/en/writing-running-appium/server-args.md
| *Option*            | *Man.* | *Description*     |
| remote_url          | Yes    | Appium server url |
| alias               | no     | alias             |</doc>
<arguments>
<arg>http://127.0.0.1:4723/wd/hub</arg>
<arg>automationName=UiAutomator2</arg>
<arg>deviceName=Pixel</arg>
<arg>udid=FA6A40301235</arg>
<arg>platformName=Android</arg>
<arg>appActivity=com.swaglabsmobileapp.SplashActivity</arg>
<arg>appPackage=com.swaglabsmobileapp</arg>
</arguments>
<kw name="Capture Page Screenshot" library="AppiumLibrary">
<doc>Takes a screenshot of the current page and embeds it into the log.</doc>
<msg timestamp="20200622 06:17:16.952" level="FAIL">No application is open</msg>
<status status="FAIL" starttime="20200622 06:17:16.951" endtime="20200622 06:17:16.952"></status>
</kw>
<msg timestamp="20200622 06:17:16.953" level="WARN">Keyword 'Capture Page Screenshot' could not be run on failure: No application is open</msg>
<msg timestamp="20200622 06:17:16.955" level="FAIL">LocationParseError: Failed to parse: http://127.0.0.1:4723/wd/hub/session</msg>
<status status="FAIL" starttime="20200622 06:17:16.943" endtime="20200622 06:17:16.955"></status>
</kw>
<doc>login with valid username and invalid password.</doc>
<status status="FAIL" starttime="20200622 06:17:16.942" endtime="20200622 06:17:16.956" critical="yes">LocationParseError: Failed to parse: http://127.0.0.1:4723/wd/hub/session</status>
</test>
<status status="FAIL" starttime="20200622 06:17:16.847" endtime="20200622 06:17:16.956"></status>
</suite>
<statistics>
<total>
<stat pass="0" fail="1">Critical Tests</stat>
<stat pass="0" fail="1">All Tests</stat>
</total>
<tag>
</tag>
<suite>
<stat pass="0" fail="1" id="s1" name="Mytest">Mytest</stat>
</suite>
</statistics>
<errors>
<msg timestamp="20200622 06:17:16.953" level="WARN">Keyword 'Capture Page Screenshot' could not be run on failure: No application is open</msg>
</errors>
</robot>
